build/app/outputs/mapping/release/usage.txt
com.sayt.nm.address.creator.address_create.R$styleable
com.sayt.nm.address.creator.address_create.R$drawable
com.sayt.nm.address.creator.address_create.R$color
com.sayt.nm.address.creator.address_create.R$layout
com.sayt.nm.address.creator.address_create.R$mipmap
com.sayt.nm.address.creator.address_create.R$id
com.sayt.nm.address.creator.address_create.BuildConfig
com.sayt.nm.address.creator.address_create.R$attr
com.sayt.nm.address.creator.address_create.R$string
com.sayt.nm.address.creator.address_create.R
com.sayt.nm.address.creator.address_create.R$integer
com.sayt.nm.address.creator.address_create.R$style
com.sayt.nm.address.creator.address_create.R$dimen
...
com.google.android.gms.common.api.GoogleApiClient$Builder
kotlin.coroutines.experimental.Continuation
com.google.android.gms.common.util.Clock:
    public abstract long elapsedRealtime()
    public abstract long nanoTime()
    public abstract long currentThreadTimeMillis()
androidx.core.content.res.ResourcesCompat$FontCallback
kotlin.random.Random$Default
kotlin.concurrent.LocksKt
kotlin.collections.ArraysKt__ArraysJVMKt
kotlin.ULong
com.google.android.gms.internal.base.zaa:
    protected final android.os.Parcel zaa(int,android.os.Parcel)
    protected final void zac(int,android.os.Parcel)
com.google.android.gms.signin.internal.zaf:
    public abstract void zam(int)
    public abstract void zaa(com.google.android.gms.common.internal.IAccountAccessor,int,boolean)
kotlin.contracts.Effect
com.google.android.gms.common.server.response.zab
org.intellij.lang.annotations.JdkConstants$TabPlacement
kotlin.jvm.internal.ClassReference
io.flutter.embedding.engine.systemchannels.TextInputChannel:
    private static final java.lang.String TAG
androidx.core.widget.CheckedTextViewCompat$Api21Impl
androidx.core.internal.package-info
io.flutter.embedding.android.AndroidTouchProcessor$PointerDeviceKind
androidx.core.widget.AutoScrollHelper$ScrollAnimationRunnable
androidx.core.view.accessibility.AccessibilityViewCommand$CommandArguments
androidx.annotation.AttrRes
androidx.core.content.pm.ActivityInfoCompat
org.intellij.lang.annotations.MagicConstant
androidx.core.view.GestureDetectorCompat
kotlin.text.StringsKt___StringsJvmKt
androidx.core.app.Person:
    public static androidx.core.app.Person fromBundle(android.os.Bundle)
    public static androidx.core.app.Person fromPersistableBundle(android.os.PersistableBundle)
    public static androidx.core.app.Person fromAndroidPerson(android.app.Person)
    void <init>(androidx.core.app.Person$Builder)
    public android.os.Bundle toBundle()
    public android.os.PersistableBundle toPersistableBundle()
    public androidx.core.app.Person$Builder toBuilder()
    private static final java.lang.String NAME_KEY
    private static final java.lang.String ICON_KEY
    private static final java.lang.String URI_KEY
    private static final java.lang.String KEY_KEY
    private static final java.lang.String IS_BOT_KEY
    private static final java.lang.String IS_IMPORTANT_KEY
com.google.android.gms.common.internal.service.zal
kotlin.coroutines.experimental.migration.ContinuationInterceptorMigration
kotlin.internal.PlatformImplementationsKt
androidx.annotation.ArrayRes
androidx.annotation.StyleRes
androidx.core.content.MimeTypeFilter
androidx.core.app.NotificationCompat$NotificationVisibility
com.google.android.gms.tasks.zzo
com.baseflow.geolocator.R$integer
com.baseflow.geolocator.permission.PermissionManager:
    private static final int PERMISSION_REQUEST_CODE
com.google.android.gms.common.api.internal.IStatusCallback$Stub$zaa
kotlin.coroutines.experimental.migration.ContextMigration
androidx.core.view.VelocityTrackerCompat
kotlin.math.UMathKt
kotlin.sequences.SequencesKt___SequencesKt$zipWithNext$2
kotlin.Experimental$Level
kotlin.collections.UArraySortingKt
androidx.core.text.PrecomputedTextCompat$PrecomputedTextFutureTask$PrecomputedTextCallback
com.baseflow.geolocator.R$layout
androidx.core.view.accessibility.AccessibilityManagerCompat$AccessibilityStateChangeListenerCompat
kotlin.collections.unsigned.UArraysKt
kotlin.sequences.SequencesKt___SequencesKt$flatMap$1
androidx.viewpager.R$drawable
androidx.core.R$color
com.google.android.gms.common.api.BooleanResult
androidx.core.os.UserHandleCompat$Api24Impl
androidx.core.view.GestureDetectorCompat$GestureDetectorCompatImplBase$GestureHandler
kotlin.collections.IndexedValue
kotlin.concurrent.ThreadsKt$thread$thread$1
kotlin.UShortArray
kotlin.concurrent.TimersKt$timerTask$1
kotlin.ranges.UIntProgression$Companion
kotlin.collections.ArraysKt___ArraysJvmKt$asList$6
com.google.android.gms.common.api.ApiException:
    public java.lang.String getStatusMessage()